# Logfile created on 2013-10-13 22:54:56 +0200 by logger.rb/31641
		 SUCCESS: 121231
DAILY RUTINE- 2013-10-13 23:27:09 +0200 
	 SUCCESS: 121231
	 SUCCESS: 121231
DAILY RUTINE- 2013-10-13 23:30:44 +0200 
	 SUCCESS: 121231
	 SUCCESS: 121231
DAILY RUTINE- 2013-10-13 23:33:14 +0200 
	 SUCCESS: 121231
DAILY RUTINE- 2013-10-13 23:33:42 +0200 
	 SUCCESS: 121231
DAILY RUTINE- 2013-10-23 22:30:13 +0200 
DAILY RUTINE- 2013-10-28 00:15:25 +0100 
	 SUCCESS: 121231
DAILY RUTINE- 2013-10-28 00:40:54 +0100 
	 SUCCESS: 121231
DAILY RUTINE- 2014-01-20 23:45:30 +0100 
	 FAILED: 100
DAILY RUTINE- 2014-01-21 20:42:05 +0100 
	 FAILED: 100
DAILY RUTINE- 2014-01-21 20:44:02 +0100 
	 FAILED: 100
DAILY RUTINE- 2014-01-21 20:45:28 +0100 
	 FAILED: 100
DAILY RUTINE- 2014-01-21 20:49:03 +0100 
	 FAILED: 100
